[2018-01-16 09:28:38] request.INFO: Matched route "admin_module_catalog". {"route_parameters":{"_controller":"PrestaShopBundle\\Controller\\Admin\\ModuleController::catalogAction","_legacy_controller":"AdminModules","_route":"admin_module_catalog"},"request_uri":"http://localhost/prestashop1724/admin335cebzn4/index.php/module/catalog?_token=bkjhdQwjQP0_O64czxKa47aniYu3W0ySkqk9YTmMl5w"} []
[2018-01-16 09:28:38] security.DEBUG: Read existing security token from the session. {"key":"_security_main"} []
[2018-01-16 09:28:38] security.DEBUG: User was reloaded from a user provider. {"username":"nqh95014@gmail.com","provider":"PrestaShopBundle\\Security\\Admin\\EmployeeProvider"} []
[2018-01-16 09:28:43] app.ERROR: Data from PrestaShop Addons is invalid, and cannot fallback on cache.  {"exception":"cURL error 28: Operation timed out after 5007 milliseconds with 48889 bytes received"} []
[2018-01-16 09:28:44] security.DEBUG: Stored the security token in the session. {"key":"_security_main"} []
[2018-01-16 09:28:45] request.INFO: Matched route "admin_module_catalog_refresh". {"route_parameters":{"category":null,"keyword":null,"_controller":"PrestaShopBundle\\Controller\\Admin\\ModuleController::refreshCatalogAction","_legacy_controller":"AdminModules","_route":"admin_module_catalog_refresh"},"request_uri":"http://localhost/prestashop1724/admin335cebzn4/index.php/module/catalog/refresh?_token=bkjhdQwjQP0_O64czxKa47aniYu3W0ySkqk9YTmMl5w"} []
[2018-01-16 09:28:45] security.DEBUG: Read existing security token from the session. {"key":"_security_main"} []
[2018-01-16 09:28:45] security.DEBUG: User was reloaded from a user provider. {"username":"nqh95014@gmail.com","provider":"PrestaShopBundle\\Security\\Admin\\EmployeeProvider"} []
[2018-01-16 09:28:50] app.ERROR: Data from PrestaShop Addons is invalid, and cannot fallback on cache.  {"exception":"cURL error 28: Operation timed out after 5008 milliseconds with 118313 bytes received"} []
[2018-01-16 09:28:52] security.DEBUG: Stored the security token in the session. {"key":"_security_main"} []
[2018-01-16 09:28:51] request.INFO: Matched route "admin_module_manage". {"route_parameters":{"category":null,"keyword":null,"_controller":"PrestaShopBundle\\Controller\\Admin\\ModuleController::manageAction","_legacy_controller":"AdminModules","_route":"admin_module_manage"},"request_uri":"http://localhost/prestashop1724/admin335cebzn4/index.php/module/manage?_token=bkjhdQwjQP0_O64czxKa47aniYu3W0ySkqk9YTmMl5w"} []
[2018-01-16 09:28:52] security.DEBUG: Read existing security token from the session. {"key":"_security_main"} []
[2018-01-16 09:28:52] security.DEBUG: User was reloaded from a user provider. {"username":"nqh95014@gmail.com","provider":"PrestaShopBundle\\Security\\Admin\\EmployeeProvider"} []
[2018-01-16 09:28:57] app.ERROR: Data from PrestaShop Addons is invalid, and cannot fallback on cache.  {"exception":"cURL error 28: Operation timed out after 5008 milliseconds with 177968 bytes received"} []
[2018-01-16 09:28:58] security.DEBUG: Stored the security token in the session. {"key":"_security_main"} []
[2018-01-16 09:29:05] request.INFO: Matched route "admin_module_configure_action". {"route_parameters":{"_controller":"PrestaShopBundle\\Controller\\Admin\\ModuleController::configureModuleAction","_legacy_controller":"AdminModules","module_name":"ps_mainmenu","_route":"admin_module_configure_action"},"request_uri":"http://localhost/prestashop1724/admin335cebzn4/index.php/module/manage/action/configure/ps_mainmenu?_token=bkjhdQwjQP0_O64czxKa47aniYu3W0ySkqk9YTmMl5w"} []
[2018-01-16 09:29:05] security.DEBUG: Read existing security token from the session. {"key":"_security_main"} []
[2018-01-16 09:29:05] security.DEBUG: User was reloaded from a user provider. {"username":"nqh95014@gmail.com","provider":"PrestaShopBundle\\Security\\Admin\\EmployeeProvider"} []
[2018-01-16 09:29:10] app.ERROR: Data from PrestaShop Addons is invalid, and cannot fallback on cache.  {"exception":"cURL error 28: Operation timed out after 5008 milliseconds with 161584 bytes received"} []
[2018-01-16 09:29:10] security.DEBUG: Stored the security token in the session. {"key":"_security_main"} []
[2018-01-16 09:53:37] request.INFO: Matched route "admin_module_catalog". {"route_parameters":{"_controller":"PrestaShopBundle\\Controller\\Admin\\ModuleController::catalogAction","_legacy_controller":"AdminModules","_route":"admin_module_catalog"},"request_uri":"http://localhost/prestashop1724/admin335cebzn4/index.php/module/catalog?_token=bkjhdQwjQP0_O64czxKa47aniYu3W0ySkqk9YTmMl5w"} []
[2018-01-16 09:53:37] security.DEBUG: Read existing security token from the session. {"key":"_security_main"} []
[2018-01-16 09:53:37] security.DEBUG: User was reloaded from a user provider. {"username":"nqh95014@gmail.com","provider":"PrestaShopBundle\\Security\\Admin\\EmployeeProvider"} []
[2018-01-16 09:53:42] app.ERROR: Data from PrestaShop Addons is invalid, and cannot fallback on cache.  {"exception":"cURL error 28: Operation timed out after 5008 milliseconds with 192824 bytes received"} []
[2018-01-16 09:53:43] security.DEBUG: Stored the security token in the session. {"key":"_security_main"} []
